# JRE version: OpenJDK Runtime Environment (11.0.15) (build 11.0.15+0-b2043.56-9505619)
# Java VM: OpenJDK 64-Bit Server VM (11.0.15+0-b2043.56-9505619, mixed mode, tiered, compressed oops, g1 gc, windows-amd64)
Heap:
 garbage-first heap   total 605184K, used 121564K [0x0000000080000000, 0x0000000100000000)
  region size 1024K, 4 young (4096K), 4 survivors (4096K)
 Metaspace       used 108415K, capacity 111526K, committed 111824K, reserved 1146880K
  class space    used 13836K, capacity 15062K, committed 15180K, reserved 1048576K
GC Heap History (20 events):
Event: 90.389 GC heap after
{Heap after GC invocations=95 (full 0):
 garbage-first heap   total 220160K, used 120371K [0x0000000080000000, 0x0000000100000000)
  region size 1024K, 2 young (2048K), 2 survivors (2048K)
 Metaspace       used 108196K, capacity 111268K, committed 111440K, reserved 1146880K
  class space    used 13827K, capacity 15046K, committed 15052K, reserved 1048576K
}
Event: 90.455 GC heap before
{Heap before GC invocations=95 (full 0):
 garbage-first heap   total 220160K, used 127539K [0x0000000080000000, 0x0000000100000000)
  region size 1024K, 10 young (10240K), 2 survivors (2048K)
 Metaspace       used 108197K, capacity 111268K, committed 111440K, reserved 1146880K
  class space    used 13827K, capacity 15046K, committed 15052K, reserved 1048576K
}
Event: 90.469 GC heap after
{Heap after GC invocations=96 (full 0):
 garbage-first heap   total 220160K, used 119134K [0x0000000080000000, 0x0000000100000000)
  region size 1024K, 2 young (2048K), 2 survivors (2048K)
 Metaspace       used 108197K, capacity 111268K, committed 111440K, reserved 1146880K
  class space    used 13827K, capacity 15046K, committed 15052K, reserved 1048576K
}
Event: 90.912 GC heap before
{Heap before GC invocations=96 (full 0):
 garbage-first heap   total 220160K, used 183646K [0x0000000080000000, 0x0000000100000000)
  region size 1024K, 65 young (66560K), 2 survivors (2048K)
 Metaspace       used 108211K, capacity 111334K, committed 111440K, reserved 1146880K
  class space    used 13827K, capacity 15046K, committed 15052K, reserved 1048576K
}
Event: 90.919 GC heap after
{Heap after GC invocations=97 (full 0):
 garbage-first heap   total 220160K, used 119308K [0x0000000080000000, 0x0000000100000000)
  region size 1024K, 2 young (2048K), 2 survivors (2048K)
 Metaspace       used 108211K, capacity 111334K, committed 111440K, reserved 1146880K
  class space    used 13827K, capacity 15046K, committed 15052K, reserved 1048576K
}
Event: 91.614 GC heap before
{Heap before GC invocations=98 (full 0):
 garbage-first heap   total 220160K, used 184844K [0x0000000080000000, 0x0000000100000000)
  region size 1024K, 66 young (67584K), 2 survivors (2048K)
 Metaspace       used 108285K, capacity 111360K, committed 111440K, reserved 1146880K
  class space    used 13831K, capacity 15052K, committed 15052K, reserved 1048576K
}
Event: 91.622 GC heap after
{Heap after GC invocations=99 (full 0):
 garbage-first heap   total 220160K, used 119955K [0x0000000080000000, 0x0000000100000000)
  region size 1024K, 3 young (3072K), 3 survivors (3072K)
 Metaspace       used 108285K, capacity 111360K, committed 111440K, reserved 1146880K
  class space    used 13831K, capacity 15052K, committed 15052K, reserved 1048576K
}
Event: 91.679 GC heap before
{Heap before GC invocations=99 (full 0):
 garbage-first heap   total 220160K, used 127123K [0x0000000080000000, 0x0000000100000000)
  region size 1024K, 10 young (10240K), 3 survivors (3072K)
 Metaspace       used 108294K, capacity 111366K, committed 111568K, reserved 1146880K
  class space    used 13832K, capacity 15054K, committed 15180K, reserved 1048576K
}
Event: 91.696 GC heap after
{Heap after GC invocations=100 (full 0):
 garbage-first heap   total 220160K, used 118663K [0x0000000080000000, 0x0000000100000000)
  region size 1024K, 1 young (1024K), 1 survivors (1024K)
 Metaspace       used 108294K, capacity 111366K, committed 111568K, reserved 1146880K
  class space    used 13832K, capacity 15054K, committed 15180K, reserved 1048576K
}
Event: 92.235 GC heap before
{Heap before GC invocations=100 (full 0):
 garbage-first heap   total 220160K, used 186247K [0x0000000080000000, 0x0000000100000000)
  region size 1024K, 67 young (68608K), 1 survivors (1024K)
 Metaspace       used 108333K, capacity 111435K, committed 111568K, reserved 1146880K
  class space    used 13833K, capacity 15055K, committed 15180K, reserved 1048576K
}
Event: 92.275 GC heap after
{Heap after GC invocations=101 (full 0):
 garbage-first heap   total 220160K, used 118860K [0x0000000080000000, 0x0000000100000000)
  region size 1024K, 2 young (2048K), 2 survivors (2048K)
 Metaspace       used 108333K, capacity 111435K, committed 111568K, reserved 1146880K
  class space    used 13833K, capacity 15055K, committed 15180K, reserved 1048576K
}
Event: 92.916 GC heap before
{Heap before GC invocations=101 (full 0):
 garbage-first heap   total 220160K, used 186444K [0x0000000080000000, 0x0000000100000000)
  region size 1024K, 68 young (69632K), 2 survivors (2048K)
 Metaspace       used 108351K, capacity 111435K, committed 111568K, reserved 1146880K
  class space    used 13833K, capacity 15055K, committed 15180K, reserved 1048576K
}
Event: 93.055 GC heap after
{Heap after GC invocations=102 (full 0):
 garbage-first heap   total 302080K, used 119142K [0x0000000080000000, 0x0000000100000000)
  region size 1024K, 2 young (2048K), 2 survivors (2048K)
 Metaspace       used 108351K, capacity 111435K, committed 111568K, reserved 1146880K
  class space    used 13833K, capacity 15055K, committed 15180K, reserved 1048576K
}
Event: 94.753 GC heap before
{Heap before GC invocations=103 (full 0):
 garbage-first heap   total 302080K, used 213350K [0x0000000080000000, 0x0000000100000000)
  region size 1024K, 94 young (96256K), 2 survivors (2048K)
 Metaspace       used 108365K, capacity 111435K, committed 111568K, reserved 1146880K
  class space    used 13833K, capacity 15055K, committed 15180K, reserved 1048576K
}
Event: 94.774 GC heap after
{Heap after GC invocations=104 (full 0):
 garbage-first heap   total 302080K, used 119604K [0x0000000080000000, 0x0000000100000000)
  region size 1024K, 2 young (2048K), 2 survivors (2048K)
 Metaspace       used 108365K, capacity 111435K, committed 111568K, reserved 1146880K
  class space    used 13833K, capacity 15055K, committed 15180K, reserved 1048576K
}
Event: 96.362 GC heap before
{Heap before GC invocations=104 (full 0):
 garbage-first heap   total 302080K, used 236340K [0x0000000080000000, 0x0000000100000000)
  region size 1024K, 116 young (118784K), 2 survivors (2048K)
 Metaspace       used 108376K, capacity 111500K, committed 111824K, reserved 1146880K
  class space    used 13833K, capacity 15055K, committed 15180K, reserved 1048576K
}
Event: 96.382 GC heap after
{Heap after GC invocations=105 (full 0):
 garbage-first heap   total 302080K, used 120223K [0x0000000080000000, 0x0000000100000000)
  region size 1024K, 3 young (3072K), 3 survivors (3072K)
 Metaspace       used 108376K, capacity 111500K, committed 111824K, reserved 1146880K
  class space    used 13833K, capacity 15055K, committed 15180K, reserved 1048576K
}
Event: 100.035 GC heap before
{Heap before GC invocations=106 (full 0):
 garbage-first heap   total 302080K, used 244127K [0x0000000080000000, 0x0000000100000000)
  region size 1024K, 124 young (126976K), 3 survivors (3072K)
 Metaspace       used 108389K, capacity 111501K, committed 111824K, reserved 1146880K
  class space    used 13833K, capacity 15055K, committed 15180K, reserved 1048576K
}
Event: 100.266 GC heap after
{Heap after GC invocations=107 (full 0):
 garbage-first heap   total 302080K, used 120691K [0x0000000080000000, 0x0000000100000000)
  region size 1024K, 3 young (3072K), 3 survivors (3072K)
 Metaspace       used 108389K, capacity 111501K, committed 111824K, reserved 1146880K
  class space    used 13833K, capacity 15055K, committed 15180K, reserved 1048576K
}
Event: 102.840 GC heap before
{Heap before GC invocations=107 (full 0):
 garbage-first heap   total 302080K, used 251763K [0x0000000080000000, 0x0000000100000000)
  region size 1024K, 131 young (134144K), 3 survivors (3072K)
 Metaspace       used 108415K, capacity 111526K, committed 111824K, reserved 1146880K
  class space    used 13836K, capacity 15062K, committed 15180K, reserved 1048576K
}

